{"/Users/gemmadruce/code/restaurants/Menu.js": {"path":"/Users/gemmadruce/code/restaurants/Menu.js","statementMap":{"0":{"start":{"line":3,"column":8},"end":{"line":3,"column":26}},"1":{"start":{"line":7,"column":0},"end":{"line":7,"column":21}}},"fnMap":{"0":{"name":"(anonymous_0)","decl":{"start":{"line":2,"column":4},"end":{"line":2,"column":5}},"loc":{"start":{"line":2,"column":24},"end":{"line":4,"column":5}},"line":2}},"branchMap":{},"s":{"0":2,"1":2},"f":{"0":2},"b":{},"_coverageSchema":"1a1c01bbd47fc00a2c39e90264f33305004495a9","hash":"68faace02f0d1ea3b894b7b1c721c101f1651f5d"}
,"/Users/gemmadruce/code/restaurants/Restaurant.js": {"path":"/Users/gemmadruce/code/restaurants/Restaurant.js","statementMap":{"0":{"start":{"line":4,"column":4},"end":{"line":4,"column":65}},"1":{"start":{"line":4,"column":15},"end":{"line":4,"column":65}},"2":{"start":{"line":5,"column":4},"end":{"line":5,"column":20}},"3":{"start":{"line":6,"column":4},"end":{"line":6,"column":19}},"4":{"start":{"line":7,"column":4},"end":{"line":7,"column":22}},"5":{"start":{"line":11,"column":8},"end":{"line":11,"column":29}},"6":{"start":{"line":16,"column":0},"end":{"line":16,"column":27}}},"fnMap":{"0":{"name":"(anonymous_0)","decl":{"start":{"line":3,"column":4},"end":{"line":3,"column":5}},"loc":{"start":{"line":3,"column":52},"end":{"line":8,"column":5}},"line":3},"1":{"name":"(anonymous_1)","decl":{"start":{"line":10,"column":4},"end":{"line":10,"column":5}},"loc":{"start":{"line":10,"column":17},"end":{"line":12,"column":5}},"line":10}},"branchMap":{"0":{"loc":{"start":{"line":3,"column":23},"end":{"line":3,"column":49}},"type":"default-arg","locations":[{"start":{"line":3,"column":31},"end":{"line":3,"column":49}}],"line":3},"1":{"loc":{"start":{"line":4,"column":4},"end":{"line":4,"column":65}},"type":"if","locations":[{"start":{"line":4,"column":4},"end":{"line":4,"column":65}},{"start":{"line":4,"column":4},"end":{"line":4,"column":65}}],"line":4}},"s":{"0":2,"1":1,"2":1,"3":1,"4":1,"5":0,"6":2},"f":{"0":2,"1":0},"b":{"0":[1],"1":[1,1]},"_coverageSchema":"1a1c01bbd47fc00a2c39e90264f33305004495a9","hash":"3efdd920bdd6bd4508b2ac0b6cbdc3339fe55d71"}
}
